Mon Oct 02 15:52:05 MST 2023
MaxEnt version 3.4.3
Reading file absence
readGrid: max memory 477626368, total allocated 333447168, free 154933648, used 178513520, increment -9094976
Reading samples from presence
Read samples: max memory 477626368, total allocated 353894400, free 120780584, used 233113816, increment 54600296
Adding samples to background in feature space
Command line used:  autorun -e output/maxent_Pmicrophylla_outputs/absence -o output/maxent_Pmicrophylla_outputs -s output/maxent_Pmicrophylla_outputs/presence -z
Command line to repeat: java density.MaxEnt nowarnings noprefixes outputdirectory=output/maxent_Pmicrophylla_outputs samplesfile=output/maxent_Pmicrophylla_outputs/presence environmentallayers=output/maxent_Pmicrophylla_outputs/absence autorun novisible
Species: species
Layers: bio1 bio10 bio11 bio12 bio13 bio14 bio15 bio16 bio17 bio18 bio19 bio2 bio3 bio4 bio5 bio6 bio7 bio8 bio9
Layertypes: Continuous Continuous Continuous Continuous Continuous Continuous Continuous Continuous Continuous Continuous Continuous Continuous Continuous Continuous Continuous Continuous Continuous Continuous Continuous
outputdirectory: output/maxent_Pmicrophylla_outputs
samplesfile: output/maxent_Pmicrophylla_outputs/presence
environmentallayers: output/maxent_Pmicrophylla_outputs/absence
autorun: true
visible: false

getSamples: max memory 477626368, total allocated 353894400, free 91078208, used 262816192, increment 29702376
Making features
makeFeatures: max memory 477626368, total allocated 352845824, free 121420280, used 231425544, increment -31390648
species: 
Regularization values: linear/quadratic/product: 0.050, categorical: 0.250, threshold: 1.000, hinge: 0.500
3754 samples
Density: max memory 477626368, total allocated 341835776, free 253294344, used 88541432, increment -142884112
linearPredictor: max memory 477626368, total allocated 341835776, free 253294344, used 88541432, increment 0
FeaturedSpace: max memory 477626368, total allocated 341835776, free 253294344, used 88541432, increment 0
Sequential: max memory 477626368, total allocated 341835776, free 253294344, used 88541432, increment 0
Initial loss: 10.233366673687698
Time since start: 5.941
500: time = 5.289000 loss = 8.797672
Resulting gain: 1.435694189557374
Projecting...
Writing file output\maxent_Pmicrophylla_outputs\species.csv
Time since start: 8.342
Ending
